#
# A fatal error has been detected by the Java Runtime Environment:
#
#  EXCEPTION_ACCESS_VIOLATION (0xc0000005) at pc=0x0000000054dc05a4, pid=24488, tid=0x0000000000006830
#
# JRE version: Java(TM) SE Runtime Environment (8.0_111-b14) (build 1.8.0_111-b14)
# Java VM: Java HotSpot(TM) 64-Bit Server VM (25.111-b14 mixed mode windows-amd64 compressed oops)
# Problematic frame:
# C  [awt.dll+0xd05a4]
#
# Failed to write core dump. Minidumps are not enabled by default on client versions of Windows
#
# If you would like to submit a bug report, please visit:
#   http://bugreport.java.com/bugreport/crash.jsp
# The crash happened outside the Java Virtual Machine in native code.
# See problematic frame for where to report the bug.
#

---------------  T H R E A D  ---------------

Current thread (0x000000001ddf1800):  JavaThread "AWT-EventQueue-0" [_thread_in_native, id=26672, stack(0x000000001f370000,0x000000001f470000)]

siginfo: ExceptionCode=0xc0000005, reading address 0x0000000000000008

Registers:
RAX=0x000000000000000d, RBX=0x000000001ddf19f8, RCX=0x0000000000000000, RDX=0xffffffffcd01394a
RSP=0x000000001f46c108, RBP=0x000000001ddf19f8, RSI=0x00000000210d1880, RDI=0x000000001f4c9f10
R8 =0x00000000000000cd, R9 =0x0000000000cd394a, R10=0x0000000001370000, R11=0x000000000000394a
R12=0xffffffffcd01394a, R13=0x0000000000000000, R14=0x0000000000000000, R15=0x000000001ddf1800
RIP=0x0000000054dc05a4, EFLAGS=0x0000000000010206

Top of Stack: (sp=0x000000001f46c108)
0x000000001f46c108:   0000000054d275f1 000000001ddf19f8
0x000000001f46c118:   00000000210d1880 000000000049414e
0x000000001f46c128:   0000000000000000 0000000000000000
0x000000001f46c138:   00000000210d1880 000000001f46c7c8
0x000000001f46c148:   0000000054d5bf65 000000001ddf19f8
0x000000001f46c158:   0000000000000000 000000001f46c201
0x000000001f46c168:   00000000035c1d14 000000001f6e4970
0x000000001f46c178:   0000000054d23e42 000000001f46c7c8
0x000000001f46c188:   000000001f46c280 000000001ddf19f8
0x000000001f46c198:   00000007c00d6c00 000000076f19d100
0x000000001f46c1a8:   00000007c00508b8 0000000000000007
0x000000001f46c1b8:   00000006c15a3e28 0000000000000000
0x000000001f46c1c8:   000000076c3aaf98 0000000100000000
0x000000001f46c1d8:   0000000000000000 000000076c3aaf90
0x000000001f46c1e8:   00000007c00970d0 00000007c00a9e80
0x000000001f46c1f8:   000000001f46c7d0 000000001ddf19f8 

Instructions: (pc=0x0000000054dc05a4)
0x0000000054dc0584:   41 5e 41 5d 41 5c 5f c3 48 8b 41 08 48 05 00 04
0x0000000054dc0594:   00 00 c3 cc 48 8b 41 08 48 8b 80 18 0c 00 00 c3
0x0000000054dc05a4:   48 8b 49 08 48 85 c9 74 05 e9 f6 a7 fe ff 33 c0
0x0000000054dc05b4:   c3 cc cc cc 48 83 ec 28 48 8b 49 08 48 85 c9 74 


Register to memory mapping:

RAX=0x000000000000000d is an unknown value
RBX=0x000000001ddf19f8 is an unknown value
RCX=0x0000000000000000 is an unknown value
RDX=0xffffffffcd01394a is an unknown value
RSP=0x000000001f46c108 is pointing into the stack for thread: 0x000000001ddf1800
RBP=0x000000001ddf19f8 is an unknown value
RSI=0x00000000210d1880 is an unknown value
RDI=0x000000001f4c9f10 is an unknown value
R8 =0x00000000000000cd is an unknown value
R9 =0x0000000000cd394a is an unknown value
R10=0x0000000001370000 is an unknown value
R11=0x000000000000394a is an unknown value
R12=0xffffffffcd01394a is an unknown value
R13=0x0000000000000000 is an unknown value
R14=0x0000000000000000 is an unknown value
R15=0x000000001ddf1800 is a thread


Stack: [0x000000001f370000,0x000000001f470000],  sp=0x000000001f46c108,  free space=1008k
Native frames: (J=compiled Java code, j=interpreted, Vv=VM code, C=native code)
C  [awt.dll+0xd05a4]

Java frames: (J=compiled Java code, j=interpreted, Vv=VM code)
J 3493  sun.java2d.windows.GDIBlitLoops.nativeBlit(Lsun/java2d/SurfaceData;Lsun/java2d/SurfaceData;Lsun/java2d/pipe/Region;IIIIIIIIIZ)V (0 bytes) @ 0x0000000002e2466c [0x0000000002e24580+0xec]
J 3243 C1 sun.java2d.windows.GDIBlitLoops.Blit(Lsun/java2d/SurfaceData;Lsun/java2d/SurfaceData;Ljava/awt/Composite;Lsun/java2d/pipe/Region;IIIIII)V (37 bytes) @ 0x0000000003523cb4 [0x0000000003523b80+0x134]
J 2059 C1 sun.java2d.pipe.DrawImage.blitSurfaceData(Lsun/java2d/SunGraphics2D;Lsun/java2d/pipe/Region;Lsun/java2d/SurfaceData;Lsun/java2d/SurfaceData;Lsun/java2d/loops/SurfaceType;Lsun/java2d/loops/SurfaceType;IIIIIILjava/awt/Color;)V (145 bytes) @ 0x00000000030fff94 [0x00000000030ff160+0xe34]
J 2058 C1 sun.java2d.pipe.DrawImage.renderImageCopy(Lsun/java2d/SunGraphics2D;Ljava/awt/Image;Ljava/awt/Color;IIIIII)Z (147 bytes) @ 0x00000000030fdfec [0x00000000030fda60+0x58c]
J 3107 C1 sun.java2d.pipe.DrawImage.copyImage(Lsun/java2d/SunGraphics2D;Ljava/awt/Image;IILjava/awt/Color;)Z (105 bytes) @ 0x00000000034abaf4 [0x00000000034ab560+0x594]
J 2792 C1 sun.java2d.pipe.DrawImage.copyImage(Lsun/java2d/SunGraphics2D;Ljava/awt/Image;IILjava/awt/Color;Ljava/awt/image/ImageObserver;)Z (60 bytes) @ 0x00000000033acfcc [0x00000000033ac960+0x66c]
J 2850 C1 sun.java2d.pipe.ValidatePipe.copyImage(Lsun/java2d/SunGraphics2D;Ljava/awt/Image;IILjava/awt/Color;Ljava/awt/image/ImageObserver;)Z (29 bytes) @ 0x00000000033d73d4 [0x00000000033d6fc0+0x414]
J 2791 C1 sun.java2d.SunGraphics2D.drawImage(Ljava/awt/Image;IILjava/awt/Color;Ljava/awt/image/ImageObserver;)Z (145 bytes) @ 0x00000000033b7fc4 [0x00000000033b7680+0x944]
J 2800 C1 sun.java2d.SunGraphics2D.drawImage(Ljava/awt/Image;IILjava/awt/image/ImageObserver;)Z (11 bytes) @ 0x00000000033b5304 [0x00000000033b5200+0x104]
J 3722 C1 javax.swing.RepaintManager$PaintManager.paintDoubleBuffered(Ljavax/swing/JComponent;Ljava/awt/Image;Ljava/awt/Graphics;IIII)V (294 bytes) @ 0x00000000035d1764 [0x00000000035d0e20+0x944]
J 3371 C1 javax.swing.RepaintManager$PaintManager.paint(Ljavax/swing/JComponent;Ljavax/swing/JComponent;Ljava/awt/Graphics;IIII)Z (189 bytes) @ 0x0000000002db66b4 [0x0000000002db5a00+0xcb4]
J 3273 C1 javax.swing.RepaintManager.paint(Ljavax/swing/JComponent;Ljavax/swing/JComponent;Ljava/awt/Graphics;IIII)V (93 bytes) @ 0x0000000003539204 [0x0000000003538d20+0x4e4]
J 3782 C1 javax.swing.JComponent.paint(Ljava/awt/Graphics;)V (409 bytes) @ 0x00000000035f846c [0x00000000035f6540+0x1f2c]
j  java.awt.GraphicsCallback$PaintCallback.run(Ljava/awt/Component;Ljava/awt/Graphics;)V+2
j  sun.awt.SunGraphicsCallback.runOneComponent(Ljava/awt/Component;Ljava/awt/Rectangle;Ljava/awt/Graphics;Ljava/awt/Shape;I)V+155
j  sun.awt.SunGraphicsCallback.runComponents([Ljava/awt/Component;Ljava/awt/Graphics;I)V+194
j  java.awt.Container.paint(Ljava/awt/Graphics;)V+58
j  java.awt.Window.paint(Ljava/awt/Graphics;)V+68
J 3344 C1 javax.swing.RepaintManager$4.run()Ljava/lang/Void; (278 bytes) @ 0x0000000002bf1034 [0x0000000002bf0460+0xbd4]
J 3234 C1 javax.swing.RepaintManager$4.run()Ljava/lang/Object; (5 bytes) @ 0x00000000035183cc [0x0000000003518340+0x8c]
v  ~StubRoutines::call_stub
J 612  java.security.AccessController.doPrivileged(Ljava/security/PrivilegedAction;Ljava/security/AccessControlContext;)Ljava/lang/Object; (0 bytes) @ 0x0000000002d2dd26 [0x0000000002d2dcc0+0x66]
J 3311 C1 javax.swing.RepaintManager.paintDirtyRegions(Ljava/util/Map;)V (196 bytes) @ 0x0000000003559c0c [0x00000000035585c0+0x164c]
J 3487 C1 javax.swing.RepaintManager.paintDirtyRegions()V (50 bytes) @ 0x0000000002f8c044 [0x0000000002f8bdc0+0x284]
J 3486 C1 javax.swing.RepaintManager.prePaintDirtyRegions()V (91 bytes) @ 0x0000000002f2a8ac [0x0000000002f2a280+0x62c]
J 3287 C1 javax.swing.RepaintManager$ProcessingRunnable.run()V (41 bytes) @ 0x000000000353b8fc [0x000000000353b6a0+0x25c]
J 3305 C2 java.awt.EventQueue$3.run()Ljava/lang/Object; (5 bytes) @ 0x0000000003555ec8 [0x0000000003555bc0+0x308]
v  ~StubRoutines::call_stub
J 612  java.security.AccessController.doPrivileged(Ljava/security/PrivilegedAction;Ljava/security/AccessControlContext;)Ljava/lang/Object; (0 bytes) @ 0x0000000002d2dd26 [0x0000000002d2dcc0+0x66]
J 3302 C2 java.awt.EventQueue.dispatchEvent(Ljava/awt/AWTEvent;)V (80 bytes) @ 0x000000000354e8d8 [0x000000000354e540+0x398]
J 3506 C1 java.awt.EventDispatchThread.pumpOneEventForFilters(I)V (295 bytes) @ 0x0000000003063b54 [0x0000000003061ee0+0x1c74]
j  java.awt.EventDispatchThread.pumpEventsForFilter(ILjava/awt/Conditional;Ljava/awt/EventFilter;)V+35
j  java.awt.EventDispatchThread.pumpEventsForHierarchy(ILjava/awt/Conditional;Ljava/awt/Component;)V+11
j  java.awt.EventDispatchThread.pumpEvents(ILjava/awt/Conditional;)V+4
j  java.awt.EventDispatchThread.pumpEvents(Ljava/awt/Conditional;)V+3
j  java.awt.EventDispatchThread.run()V+9
v  ~StubRoutines::call_stub

---------------  P R O C E S S  ---------------

Java Threads: ( => current thread )
  0x000000001f6fa000 JavaThread "TimerQueue" daemon [_thread_blocked, id=11628, stack(0x000000001eee0000,0x000000001efe0000)]
  0x0000000002ade000 JavaThread "DestroyJavaVM" [_thread_blocked, id=21908, stack(0x0000000001020000,0x0000000001120000)]
=>0x000000001ddf1800 JavaThread "AWT-EventQueue-0" [_thread_in_native, id=26672, stack(0x000000001f370000,0x000000001f470000)]
  0x000000001dde4000 JavaThread "AWT-Windows" daemon [_thread_in_native, id=25344, stack(0x000000001e3d0000,0x000000001e4d0000)]
  0x000000001dde0000 JavaThread "AWT-Shutdown" [_thread_blocked, id=16436, stack(0x000000001e2d0000,0x000000001e3d0000)]
  0x000000001dddf800 JavaThread "Java2D Disposer" daemon [_thread_blocked, id=27580, stack(0x000000001e1d0000,0x000000001e2d0000)]
  0x000000001c14d000 JavaThread "Service Thread" daemon [_thread_blocked, id=13764, stack(0x000000001de60000,0x000000001df60000)]
  0x000000001c0fa800 JavaThread "C1 CompilerThread2" daemon [_thread_blocked, id=23788, stack(0x000000001d960000,0x000000001da60000)]
  0x000000001c0f5800 JavaThread "C2 CompilerThread1" daemon [_thread_blocked, id=9840, stack(0x000000001d860000,0x000000001d960000)]
  0x000000001c0ef000 JavaThread "C2 CompilerThread0" daemon [_thread_blocked, id=8600, stack(0x000000001d760000,0x000000001d860000)]
  0x000000001c0ed800 JavaThread "Attach Listener" daemon [_thread_blocked, id=29560, stack(0x000000001d660000,0x000000001d760000)]
  0x000000001c0ec000 JavaThread "Signal Dispatcher" daemon [_thread_blocked, id=29604, stack(0x000000001d560000,0x000000001d660000)]
  0x0000000002a0a000 JavaThread "Finalizer" daemon [_thread_blocked, id=10232, stack(0x000000001d340000,0x000000001d440000)]
  0x0000000002a01000 JavaThread "Reference Handler" daemon [_thread_blocked, id=9108, stack(0x000000001d240000,0x000000001d340000)]

Other Threads:
  0x000000001c0b7000 VMThread [stack: 0x000000001d140000,0x000000001d240000] [id=23732]
  0x000000001dab3000 WatcherThread [stack: 0x000000001df60000,0x000000001e060000] [id=21444]

VM state:not at safepoint (normal execution)

VM Mutex/Monitor currently owned by a thread: None

Heap:
 PSYoungGen      total 76288K, used 21104K [0x000000076b180000, 0x0000000770680000, 0x00000007c0000000)
  eden space 65536K, 29% used [0x000000076b180000,0x000000076c475948,0x000000076f180000)
  from space 10752K, 15% used [0x000000076f180000,0x000000076f326720,0x000000076fc00000)
  to   space 10752K, 0% used [0x000000076fc00000,0x000000076fc00000,0x0000000770680000)
 ParOldGen       total 96256K, used 13523K [0x00000006c1400000, 0x00000006c7200000, 0x000000076b180000)
  object space 96256K, 14% used [0x00000006c1400000,0x00000006c2134d58,0x00000006c7200000)
 Metaspace       used 22359K, capacity 22682K, committed 22960K, reserved 1069056K
  class space    used 2657K, capacity 2753K, committed 2816K, reserved 1048576K

Card table byte_map: [0x0000000011ea0000,0x00000000126a0000] byte_map_base: 0x000000000e896000

Marking Bits: (ParMarkBitMap*) 0x000000005586a6c0
 Begin Bits: [0x0000000012ff0000, 0x0000000016fa0000)
 End Bits:   [0x0000000016fa0000, 0x000000001af50000)

Polling page: 0x0000000001120000

CodeCache: size=245760Kb used=11365Kb max_used=11377Kb free=234394Kb
 bounds [0x0000000002ae0000, 0x0000000003610000, 0x0000000011ae0000]
 total_blobs=4081 nmethods=3469 adapters=522
 compilation: enabled

Compilation events (10 events):
Event: 2888.180 Thread 0x000000001c0fa800 3792       3       javax.swing.GroupLayout$ComponentInfo::clearCachedSize (29 bytes)
Event: 2888.180 Thread 0x000000001c0fa800 nmethod 3792 0x00000000035fa810 code [0x00000000035fa980, 0x00000000035facd8]
Event: 2888.181 Thread 0x000000001c0fa800 3793       3       javax.swing.GroupLayout$ComponentInfo::updateVisibility (59 bytes)
Event: 2888.181 Thread 0x000000001c0fa800 nmethod 3793 0x0000000003600350 code [0x00000000036004c0, 0x00000000036008c8]
Event: 2888.182 Thread 0x000000001c0fa800 3794       3       java.util.ComparableTimSort::sort (219 bytes)
Event: 2888.183 Thread 0x000000001c0fa800 nmethod 3794 0x00000000035ff610 code [0x00000000035ff800, 0x00000000035ffe98]
Event: 2888.183 Thread 0x000000001c0fa800 3795       1       java.awt.FontMetrics::getFont (5 bytes)
Event: 2888.184 Thread 0x000000001c0fa800 nmethod 3795 0x00000000035fd550 code [0x00000000035fd6a0, 0x00000000035fd7b0]
Event: 2888.256 Thread 0x000000001c0f5800 3796       4       javax.swing.SwingUtilities::findDisplayedMnemonicIndex (69 bytes)
Event: 2888.256 Thread 0x000000001c0ef000 3797       4       sun.font.FileFontStrike::getSlot0GlyphImagePtrs (129 bytes)

GC Heap History (8 events):
Event: 17.836 GC heap before
{Heap before GC invocations=1 (full 0):
 PSYoungGen      total 76288K, used 65536K [0x000000076b180000, 0x0000000770680000, 0x00000007c0000000)
  eden space 65536K, 100% used [0x000000076b180000,0x000000076f180000,0x000000076f180000)
  from space 10752K, 0% used [0x000000076fc00000,0x000000076fc00000,0x0000000770680000)
  to   space 10752K, 0% used [0x000000076f180000,0x000000076f180000,0x000000076fc00000)
 ParOldGen       total 175104K, used 0K [0x00000006c1400000, 0x00000006cbf00000, 0x000000076b180000)
  object space 175104K, 0% used [0x00000006c1400000,0x00000006c1400000,0x00000006cbf00000)
 Metaspace       used 20475K, capacity 20738K, committed 21120K, reserved 1067008K
  class space    used 2543K, capacity 2621K, committed 2688K, reserved 1048576K
Event: 17.856 GC heap after
Heap after GC invocations=1 (full 0):
 PSYoungGen      total 76288K, used 10731K [0x000000076b180000, 0x0000000770680000, 0x00000007c0000000)
  eden space 65536K, 0% used [0x000000076b180000,0x000000076b180000,0x000000076f180000)
  from space 10752K, 99% used [0x000000076f180000,0x000000076fbfae10,0x000000076fc00000)
  to   space 10752K, 0% used [0x000000076fc00000,0x000000076fc00000,0x0000000770680000)
 ParOldGen       total 175104K, used 10308K [0x00000006c1400000, 0x00000006cbf00000, 0x000000076b180000)
  object space 175104K, 5% used [0x00000006c1400000,0x00000006c1e112c0,0x00000006cbf00000)
 Metaspace       used 20475K, capacity 20738K, committed 21120K, reserved 1067008K
  class space    used 2543K, capacity 2621K, committed 2688K, reserved 1048576K
}
Event: 21.567 GC heap before
{Heap before GC invocations=2 (full 0):
 PSYoungGen      total 76288K, used 17656K [0x000000076b180000, 0x0000000770680000, 0x00000007c0000000)
  eden space 65536K, 10% used [0x000000076b180000,0x000000076b843430,0x000000076f180000)
  from space 10752K, 99% used [0x000000076f180000,0x000000076fbfae10,0x000000076fc00000)
  to   space 10752K, 0% used [0x000000076fc00000,0x000000076fc00000,0x0000000770680000)
 ParOldGen       total 175104K, used 10308K [0x00000006c1400000, 0x00000006cbf00000, 0x000000076b180000)
  object space 175104K, 5% used [0x00000006c1400000,0x00000006c1e112c0,0x00000006cbf00000)
 Metaspace       used 20746K, capacity 20994K, committed 21296K, reserved 1069056K
  class space    used 2550K, capacity 2621K, committed 2688K, reserved 1048576K
Event: 21.583 GC heap after
Heap after GC invocations=2 (full 0):
 PSYoungGen      total 76288K, used 10725K [0x000000076b180000, 0x0000000770680000, 0x00000007c0000000)
  eden space 65536K, 0% used [0x000000076b180000,0x000000076b180000,0x000000076f180000)
  from space 10752K, 99% used [0x000000076fc00000,0x0000000770679440,0x0000000770680000)
  to   space 10752K, 0% used [0x000000076f180000,0x000000076f180000,0x000000076fc00000)
 ParOldGen       total 175104K, used 25997K [0x00000006c1400000, 0x00000006cbf00000, 0x000000076b180000)
  object space 175104K, 14% used [0x00000006c1400000,0x00000006c2d63500,0x00000006cbf00000)
 Metaspace       used 20746K, capacity 20994K, committed 21296K, reserved 1069056K
  class space    used 2550K, capacity 2621K, committed 2688K, reserved 1048576K
}
Event: 21.583 GC heap before
{Heap before GC invocations=3 (full 1):
 PSYoungGen      total 76288K, used 10725K [0x000000076b180000, 0x0000000770680000, 0x00000007c0000000)
  eden space 65536K, 0% used [0x000000076b180000,0x000000076b180000,0x000000076f180000)
  from space 10752K, 99% used [0x000000076fc00000,0x0000000770679440,0x0000000770680000)
  to   space 10752K, 0% used [0x000000076f180000,0x000000076f180000,0x000000076fc00000)
 ParOldGen       total 175104K, used 25997K [0x00000006c1400000, 0x00000006cbf00000, 0x000000076b180000)
  object space 175104K, 14% used [0x00000006c1400000,0x00000006c2d63500,0x00000006cbf00000)
 Metaspace       used 20746K, capacity 20994K, committed 21296K, reserved 1069056K
  class space    used 2550K, capacity 2621K, committed 2688K, reserved 1048576K
Event: 21.629 GC heap after
Heap after GC invocations=3 (full 1):
 PSYoungGen      total 76288K, used 0K [0x000000076b180000, 0x0000000770680000, 0x00000007c0000000)
  eden space 65536K, 0% used [0x000000076b180000,0x000000076b180000,0x000000076f180000)
  from space 10752K, 0% used [0x000000076fc00000,0x000000076fc00000,0x0000000770680000)
  to   space 10752K, 0% used [0x000000076f180000,0x000000076f180000,0x000000076fc00000)
 ParOldGen       total 96256K, used 13515K [0x00000006c1400000, 0x00000006c7200000, 0x000000076b180000)
  object space 96256K, 14% used [0x00000006c1400000,0x00000006c2132d58,0x00000006c7200000)
 Metaspace       used 20746K, capacity 20994K, committed 21296K, reserved 1069056K
  class space    used 2550K, capacity 2621K, committed 2688K, reserved 1048576K
}
Event: 2491.859 GC heap before
{Heap before GC invocations=4 (full 1):
 PSYoungGen      total 76288K, used 60781K [0x000000076b180000, 0x0000000770680000, 0x00000007c0000000)
  eden space 65536K, 92% used [0x000000076b180000,0x000000076ecdb7a8,0x000000076f180000)
  from space 10752K, 0% used [0x000000076fc00000,0x000000076fc00000,0x0000000770680000)
  to   space 10752K, 0% used [0x000000076f180000,0x000000076f180000,0x000000076fc00000)
 ParOldGen       total 96256K, used 13515K [0x00000006c1400000, 0x00000006c7200000, 0x000000076b180000)
  object space 96256K, 14% used [0x00000006c1400000,0x00000006c2132d58,0x00000006c7200000)
 Metaspace       used 22345K, capacity 22608K, committed 22960K, reserved 1069056K
  class space    used 2656K, capacity 2750K, committed 2816K, reserved 1048576K
Event: 2492.104 GC heap after
Heap after GC invocations=4 (full 1):
 PSYoungGen      total 76288K, used 1689K [0x000000076b180000, 0x0000000770680000, 0x00000007c0000000)
  eden space 65536K, 0% used [0x000000076b180000,0x000000076b180000,0x000000076f180000)
  from space 10752K, 15% used [0x000000076f180000,0x000000076f326720,0x000000076fc00000)
  to   space 10752K, 0% used [0x000000076fc00000,0x000000076fc00000,0x0000000770680000)
 ParOldGen       total 96256K, used 13523K [0x00000006c1400000, 0x00000006c7200000, 0x000000076b180000)
  object space 96256K, 14% used [0x00000006c1400000,0x00000006c2134d58,0x00000006c7200000)
 Metaspace       used 22345K, capacity 22608K, committed 22960K, reserved 1069056K
  class space    used 2656K, capacity 2750K, committed 2816K, reserved 1048576K
}

Deoptimization events (10 events):
Event: 1641.344 Thread 0x000000001ddf1800 Uncommon trap: reason=class_check action=maybe_recompile pc=0x000000000352cdbc method=java.util.HashMap.removeNode(ILjava/lang/Object;Ljava/lang/Object;ZZ)Ljava/util/HashMap$Node; @ 68
Event: 1641.377 Thread 0x000000001ddf1800 Uncommon trap: reason=unstable_if action=reinterpret pc=0x0000000003000870 method=java.util.Calendar.setFieldsComputed(I)V @ 3
Event: 1641.380 Thread 0x000000001ddf1800 Uncommon trap: reason=bimorphic action=maybe_recompile pc=0x00000000034e2f4c method=javax.swing.plaf.synth.SynthButtonUI.getComponentState(Ljavax/swing/JComponent;)I @ 79
Event: 1641.380 Thread 0x000000001ddf1800 Uncommon trap: reason=bimorphic action=maybe_recompile pc=0x00000000034e2f4c method=javax.swing.plaf.synth.SynthButtonUI.getComponentState(Ljavax/swing/JComponent;)I @ 79
Event: 1641.381 Thread 0x000000001ddf1800 Uncommon trap: reason=unstable_if action=reinterpret pc=0x0000000002e8605c method=javax.swing.plaf.synth.SynthStyle.getColor(Ljavax/swing/plaf/synth/SynthContext;Ljavax/swing/plaf/synth/ColorType;)Ljava/awt/Color; @ 123
Event: 1642.850 Thread 0x000000001ddf1800 Uncommon trap: reason=unstable_if action=reinterpret pc=0x0000000002d3ac3c method=sun.font.CMap$CMapFormat4.getGlyph(I)C @ 181
Event: 1643.913 Thread 0x000000001ddf1800 Uncommon trap: reason=class_check action=maybe_recompile pc=0x0000000002e811d0 method=java.util.regex.Pattern$Curly.match(Ljava/util/regex/Matcher;ILjava/lang/CharSequence;)Z @ 19
Event: 2491.858 Thread 0x000000001ddf1800 Uncommon trap: reason=unstable_if action=reinterpret pc=0x00000000034f84f0 method=java.awt.EventQueue.noEvents()Z @ 16
Event: 2491.858 Thread 0x000000001ddf1800 Uncommon trap: reason=unstable_if action=reinterpret pc=0x0000000002d32cbc method=javax.swing.JComponent.paint(Ljava/awt/Graphics;)V @ 175
Event: 2492.467 Thread 0x000000001ddf1800 Uncommon trap: reason=null_check action=make_not_entrant pc=0x000000000344c12c method=sun.java2d.SurfaceData.getSourceSurfaceData(Ljava/awt/Image;ILsun/java2d/loops/CompositeType;Ljava/awt/Color;)Lsun/java2d/SurfaceData; @ 38

Internal exceptions (10 events):
Event: 0.496 Thread 0x0000000002ade000 Exception <a 'java/lang/ClassNotFoundException': Tree> (0x000000076b720930) thrown at [C:\re\workspace\8-2-build-windows-amd64-cygwin\jdk8u111\7883\hotspot\src\share\vm\classfile\systemDictionary.cpp, line 210]
Event: 0.496 Thread 0x0000000002ade000 Exception <a 'java/lang/ClassNotFoundException': javax/swing/JTreeCell> (0x000000076b720cb0) thrown at [C:\re\workspace\8-2-build-windows-amd64-cygwin\jdk8u111\7883\hotspot\src\share\vm\classfile\systemDictionary.cpp, line 210]
Event: 0.497 Thread 0x0000000002ade000 Exception <a 'java/lang/ClassNotFoundException': TreeCell> (0x000000076b721138) thrown at [C:\re\workspace\8-2-build-windows-amd64-cygwin\jdk8u111\7883\hotspot\src\share\vm\classfile\systemDictionary.cpp, line 210]
Event: 0.498 Thread 0x0000000002ade000 Exception <a 'java/lang/ClassNotFoundException': RootPane> (0x000000076b721b98) thrown at [C:\re\workspace\8-2-build-windows-amd64-cygwin\jdk8u111\7883\hotspot\src\share\vm\classfile\systemDictionary.cpp, line 210]
Event: 5.950 Thread 0x000000001ddf1800 Implicit null exception at 0x0000000002d96b9a to 0x0000000002d96ead
Event: 9.778 Thread 0x000000001ddf1800 Implicit null exception at 0x00000000031f9af7 to 0x00000000031fd409
Event: 17.856 Thread 0x000000001ddf1800 Implicit null exception at 0x0000000003277546 to 0x000000000327ac21
Event: 21.878 Thread 0x000000001ddf1800 Implicit null exception at 0x00000000033e12ce to 0x00000000033e5179
Event: 1641.336 Thread 0x000000001ddf1800 Implicit null exception at 0x00000000034d9f96 to 0x00000000034d9ffa
Event: 2492.467 Thread 0x000000001ddf1800 Implicit null exception at 0x000000000344bfaf to 0x000000000344c10e

Events (10 events):
Event: 2491.858 Thread 0x000000001ddf1800 DEOPT PACKING pc=0x00000000034f84f0 sp=0x000000001f46e170
Event: 2491.858 Thread 0x000000001ddf1800 DEOPT UNPACKING pc=0x0000000002b2582a sp=0x000000001f46df60 mode 2
Event: 2491.858 Thread 0x000000001ddf1800 Uncommon trap: trap_request=0xffffff65 fr.pc=0x0000000002d32cbc
Event: 2491.858 Thread 0x000000001ddf1800 DEOPT PACKING pc=0x0000000002d32cbc sp=0x000000001f46d120
Event: 2491.858 Thread 0x000000001ddf1800 DEOPT UNPACKING pc=0x0000000002b2582a sp=0x000000001f46d0c8 mode 2
Event: 2491.858 Executing VM operation: ParallelGCFailedAllocation
Event: 2492.104 Executing VM operation: ParallelGCFailedAllocation done
Event: 2492.467 Thread 0x000000001ddf1800 Uncommon trap: trap_request=0xfffffff4 fr.pc=0x000000000344c12c
Event: 2492.467 Thread 0x000000001ddf1800 DEOPT PACKING pc=0x000000000344c12c sp=0x000000001f46c900
Event: 2492.468 Thread 0x000000001ddf1800 DEOPT UNPACKING pc=0x0000000002b2582a sp=0x000000001f46c8a8 mode 2


Dynamic libraries:
0x00007ff70a250000 - 0x00007ff70a287000 	C:\Program Files\Java\jdk1.8.0_111\bin\java.exe
0x00007ffb3f510000 - 0x00007ffb3f705000 	C:\WINDOWS\SYSTEM32\ntdll.dll
0x00007ffb3e1c0000 - 0x00007ffb3e27e000 	C:\WINDOWS\System32\KERNEL32.DLL
0x00007ffb3d0a0000 - 0x00007ffb3d368000 	C:\WINDOWS\System32\KERNELBASE.dll
0x00007ffb3d620000 - 0x00007ffb3d6cc000 	C:\WINDOWS\System32\ADVAPI32.dll
0x00007ffb3d560000 - 0x00007ffb3d5fe000 	C:\WINDOWS\System32\msvcrt.dll
0x00007ffb3ea60000 - 0x00007ffb3eafb000 	C:\WINDOWS\System32\sechost.dll
0x00007ffb3edb0000 - 0x00007ffb3eeda000 	C:\WINDOWS\System32\RPCRT4.dll
0x00007ffb3dc40000 - 0x00007ffb3dde1000 	C:\WINDOWS\System32\USER32.dll
0x00007ffb3d370000 - 0x00007ffb3d392000 	C:\WINDOWS\System32\win32u.dll
0x00007ffb3e280000 - 0x00007ffb3e2ab000 	C:\WINDOWS\System32\GDI32.dll
0x00007ffb3d440000 - 0x00007ffb3d54d000 	C:\WINDOWS\System32\gdi32full.dll
0x00007ffb3d3a0000 - 0x00007ffb3d43d000 	C:\WINDOWS\System32\msvcp_win.dll
0x00007ffb3cfa0000 - 0x00007ffb3d0a0000 	C:\WINDOWS\System32\ucrtbase.dll
0x00007ffb24ff0000 - 0x00007ffb2528a000 	C:\WINDOWS\WinSxS\amd64_microsoft.windows.common-controls_6595b64144ccf1df_6.0.19041.1110_none_60b5254171f9507e\COMCTL32.dll
0x00007ffb3ed10000 - 0x00007ffb3ed40000 	C:\WINDOWS\System32\IMM32.DLL
0x0000000054f70000 - 0x0000000055042000 	C:\Program Files\Java\jdk1.8.0_111\jre\bin\msvcr100.dll
0x0000000055050000 - 0x00000000558ea000 	C:\Program Files\Java\jdk1.8.0_111\jre\bin\server\jvm.dll
0x00007ffb3d550000 - 0x00007ffb3d558000 	C:\WINDOWS\System32\PSAPI.DLL
0x00007ffb26b70000 - 0x00007ffb26b79000 	C:\WINDOWS\SYSTEM32\WSOCK32.dll
0x00007ffb27550000 - 0x00007ffb27577000 	C:\WINDOWS\SYSTEM32\WINMM.dll
0x00007ffb3ed40000 - 0x00007ffb3edab000 	C:\WINDOWS\System32\WS2_32.dll
0x00007ffb36770000 - 0x00007ffb3677a000 	C:\WINDOWS\SYSTEM32\VERSION.dll
0x0000000054f20000 - 0x0000000054f2f000 	C:\Program Files\Java\jdk1.8.0_111\jre\bin\verify.dll
0x0000000054ef0000 - 0x0000000054f19000 	C:\Program Files\Java\jdk1.8.0_111\jre\bin\java.dll
0x0000000054ed0000 - 0x0000000054ee6000 	C:\Program Files\Java\jdk1.8.0_111\jre\bin\zip.dll
0x00007ffb3e310000 - 0x00007ffb3ea54000 	C:\WINDOWS\System32\SHELL32.dll
0x00007ffb3ac00000 - 0x00007ffb3b394000 	C:\WINDOWS\SYSTEM32\windows.storage.dll
0x00007ffb3eff0000 - 0x00007ffb3f345000 	C:\WINDOWS\System32\combase.dll
0x00007ffb3c670000 - 0x00007ffb3c69e000 	C:\WINDOWS\SYSTEM32\Wldp.dll
0x00007ffb3f420000 - 0x00007ffb3f4cd000 	C:\WINDOWS\System32\SHCORE.dll
0x00007ffb3db50000 - 0x00007ffb3dba5000 	C:\WINDOWS\System32\shlwapi.dll
0x00007ffb3cb60000 - 0x00007ffb3cb7f000 	C:\WINDOWS\SYSTEM32\profapi.dll
0x0000000054cf0000 - 0x0000000054e88000 	C:\Program Files\Java\jdk1.8.0_111\jre\bin\awt.dll
0x00007ffb3f350000 - 0x00007ffb3f41d000 	C:\WINDOWS\System32\OLEAUT32.dll
0x00007ffb3a420000 - 0x00007ffb3a4b0000 	C:\WINDOWS\SYSTEM32\apphelp.dll
0x00007ffb3a5c0000 - 0x00007ffb3a65e000 	C:\WINDOWS\system32\uxtheme.dll
0x00007ffb3de90000 - 0x00007ffb3dfa5000 	C:\WINDOWS\System32\MSCTF.dll
0x00007ffb3eb00000 - 0x00007ffb3ec2a000 	C:\WINDOWS\System32\ole32.dll
0x00007ffb3b490000 - 0x00007ffb3b4a2000 	C:\WINDOWS\SYSTEM32\kernel.appcore.dll
0x00007ffb3cc20000 - 0x00007ffb3cca2000 	C:\WINDOWS\System32\bcryptPrimitives.dll
0x00007ffb3a6b0000 - 0x00007ffb3a6df000 	C:\WINDOWS\system32\DWMAPI.DLL
0x0000000054ca0000 - 0x0000000054ce7000 	C:\Program Files\Java\jdk1.8.0_111\jre\bin\fontmanager.dll
0x0000000054eb0000 - 0x0000000054eca000 	C:\Program Files\Java\jdk1.8.0_111\jre\bin\net.dll
0x00007ffb3c360000 - 0x00007ffb3c3ca000 	C:\WINDOWS\system32\mswsock.dll
0x0000000054e90000 - 0x0000000054ea1000 	C:\Program Files\Java\jdk1.8.0_111\jre\bin\nio.dll
0x0000000054c50000 - 0x0000000054c92000 	C:\Program Files\Java\jdk1.8.0_111\jre\bin\t2k.dll
0x00007ffb14d20000 - 0x00007ffb14e19000 	C:\WINDOWS\SYSTEM32\textinputframework.dll
0x00007ffb39f60000 - 0x00007ffb3a052000 	C:\WINDOWS\System32\CoreMessaging.dll
0x00007ffb39c00000 - 0x00007ffb39f5e000 	C:\WINDOWS\System32\CoreUIComponents.dll
0x00007ffb39530000 - 0x00007ffb39684000 	C:\WINDOWS\SYSTEM32\wintypes.dll
0x00007ffb3b900000 - 0x00007ffb3b933000 	C:\WINDOWS\SYSTEM32\ntmarta.dll
0x0000000054c10000 - 0x0000000054c3a000 	C:\Program Files\Java\jdk1.8.0_111\jre\bin\dcpr.dll
0x00007ffb3c090000 - 0x00007ffb3c15b000 	C:\WINDOWS\SYSTEM32\DNSAPI.dll
0x00007ffb3c050000 - 0x00007ffb3c08b000 	C:\WINDOWS\SYSTEM32\IPHLPAPI.DLL
0x00007ffb3d600000 - 0x00007ffb3d608000 	C:\WINDOWS\System32\NSI.dll
0x00007ffb2a5f0000 - 0x00007ffb2a5fa000 	C:\Windows\System32\rasadhlp.dll
0x00007ffb2a160000 - 0x00007ffb2a1df000 	C:\WINDOWS\System32\fwpuclnt.dll
0x00007ffb3cf70000 - 0x00007ffb3cf97000 	C:\WINDOWS\System32\bcrypt.dll
0x00007ffb3c5c0000 - 0x00007ffb3c5d8000 	C:\WINDOWS\SYSTEM32\CRYPTSP.dll
0x00007ffb3bce0000 - 0x00007ffb3bd14000 	C:\WINDOWS\system32\rsaenh.dll
0x00007ffb3cae0000 - 0x00007ffb3cb0e000 	C:\WINDOWS\SYSTEM32\USERENV.dll
0x00007ffb3c5e0000 - 0x00007ffb3c5ec000 	C:\WINDOWS\SYSTEM32\CRYPTBASE.dll
0x00007ffb2b3e0000 - 0x00007ffb2b3f7000 	C:\WINDOWS\SYSTEM32\dhcpcsvc6.DLL
0x00007ffb2b3c0000 - 0x00007ffb2b3dd000 	C:\WINDOWS\SYSTEM32\dhcpcsvc.DLL
0x0000000054be0000 - 0x0000000054c04000 	C:\Program Files\Java\jdk1.8.0_111\jre\bin\sunec.dll
0x0000000054bd0000 - 0x0000000054bdb000 	C:\Program Files\Java\jdk1.8.0_111\jre\bin\sunmscapi.dll
0x00007ffb3cd10000 - 0x00007ffb3ce66000 	C:\WINDOWS\System32\CRYPT32.dll
0x00007ffb17ad0000 - 0x00007ffb17ae7000 	C:\WINDOWS\system32\napinsp.dll
0x00007ffb17ab0000 - 0x00007ffb17acb000 	C:\WINDOWS\system32\pnrpnsp.dll
0x00007ffb2e3b0000 - 0x00007ffb2e3c5000 	C:\WINDOWS\system32\wshbth.dll
0x00007ffb2cca0000 - 0x00007ffb2ccbd000 	C:\WINDOWS\system32\NLAapi.dll
0x00007ffb17a90000 - 0x00007ffb17aa2000 	C:\WINDOWS\System32\winrnr.dll
0x00007ffb3eee0000 - 0x00007ffb3ef89000 	C:\WINDOWS\System32\clbcatq.dll
0x00007ffb37cd0000 - 0x00007ffb37e84000 	C:\WINDOWS\SYSTEM32\WindowsCodecs.dll
0x00007ffb11040000 - 0x00007ffb1107e000 	C:\WINDOWS\system32\dataexchange.dll
0x00007ffb388a0000 - 0x00007ffb38b04000 	C:\WINDOWS\system32\d3d11.dll
0x00007ffb39690000 - 0x00007ffb39875000 	C:\WINDOWS\system32\dcomp.dll
0x00007ffb3b500000 - 0x00007ffb3b5f4000 	C:\WINDOWS\system32\dxgi.dll
0x00007ffb37e90000 - 0x00007ffb38091000 	C:\WINDOWS\system32\twinapi.appcore.dll
0x00007ffb3aa10000 - 0x00007ffb3abf4000 	C:\WINDOWS\SYSTEM32\dbghelp.dll

VM Arguments:
jvm_args: -Dfile.encoding=UTF-8 
java_command: Vista.Principal
java_class_path (initial): C:\Users\Ricardo Herrera\Downloads\Microsoft JDBC Driver 6.0 for SQL Server\sqljdbc_6.0\enu\jre8\sqljdbc42.jar;C:\Users\Ricardo Herrera\Documents\jcalendar-1.4.jar;C:\Users\Ricardo Herrera\Documents\NetBeansProjects\ZEMOGZAM\build\classes
Launcher Type: SUN_STANDARD

Environment Variables:
PATH=C:\Program Files\Common Files\Oracle\Java\javapath;C:\Program Files\Java\jdk1.8.0_111\bin;C:\ProgramData\Oracle\Java\javapath;C:\WINDOWS\system32;C:\WINDOWS;C:\WINDOWS\System32\Wbem;C:\WINDOWS\System32\WindowsPowerShell\v1.0\;C:\WINDOWS\System32\OpenSSH\;C:\Program Files\dotnet\;C:\Program Files\Microsoft SQL Server\130\Tools\Binn\;C:\Program Files\Microsoft SQL Server\Client SDK\ODBC\170\Tools\Binn\;C:\Program Files (x86)\Microsoft SQL Server\150\Tools\Binn\;C:\Program Files\Microsoft SQL Server\150\Tools\Binn\;C:\Program Files\Microsoft SQL Server\150\DTS\Binn\;C:\Program Files (x86)\Microsoft SQL Server\150\DTS\Binn\;C:\Program Files\Java\jdk-14.0.2\bin;C:\Program Files (x86)\dotnet\;C:\Program Files\Azure Data Studio\bin;C:\Program Files\Git\cmd;C:\Users\Ricardo Herrera\AppData\Local\Microsoft\WindowsApps;C:\Users\Ricardo Herrera\AppData\Local\Programs\Microsoft VS Code\bin;C:\Users\Ricardo Herrera\.dotnet\tools;C:\Program Files\Azure Data Studio\bin;C:\Windows\Microsoft.NET\Framework64\v4.0.30319;C:\Users\Ricardo Herrera\AppData\Local\GitHubDesktop\bin;
USERNAME=Ricardo Herrera
OS=Windows_NT
PROCESSOR_IDENTIFIER=Intel64 Family 6 Model 142 Stepping 10, GenuineIntel



---------------  S Y S T E M  ---------------

OS: Windows 10.0 , 64 bit Build 19041 (10.0.19041.1348)

CPU:total 4 (2 cores per cpu, 2 threads per core) family 6 model 142 stepping 10, cmov, cx8, fxsr, mmx, sse, sse2, sse3, ssse3, sse4.1, sse4.2, popcnt, avx, avx2, aes, clmul, erms, 3dnowpref, lzcnt, ht, tsc, tscinvbit, bmi1, bmi2, adx

Memory: 4k page, physical 16690228k(3435356k free), swap 27175988k(6098616k free)

vm_info: Java HotSpot(TM) 64-Bit Server VM (25.111-b14) for windows-amd64 JRE (1.8.0_111-b14), built on Sep 22 2016 19:24:05 by "java_re" with MS VC++ 10.0 (VS2010)

time: Thu Jan 06 13:19:54 2022
elapsed time: 2888 seconds (0d 0h 48m 8s)

